# JRE version: OpenJDK Runtime Environment (19.0.1+10) (build 19.0.1+10-21)
# Java VM: OpenJDK 64-Bit Server VM (19.0.1+10-21, mixed mode, sharing, tiered, compressed oops, compressed class ptrs, g1 gc, windows-amd64)
GC Precious Log:
 CardTable entry size: 512
 Card Set container configuration: InlinePtr #cards 4 size 8 Array Of Cards #cards 32 size 80 Howl #buckets 8 coarsen threshold 7372 Howl Bitmap #cards 1024 size 144 coarsen threshold 921 Card regions per heap region 1 cards per card region 8192
 CPUs: 16 total, 16 available
 Memory: 32431M
 Large Page Support: Disabled
 NUMA Support: Disabled
 Compressed Oops: Enabled (Zero based)
 Heap Region Size: 4M
 Heap Min Capacity: 8M
 Heap Initial Capacity: 508M
 Heap Max Capacity: 8108M
 Pre-touch: Disabled
 Parallel Workers: 13
 Concurrent Workers: 3
 Concurrent Refinement Workers: 13
 Periodic GC: Disabled
Heap:
 garbage-first heap   total 122880K, used 58956K [0x0000000605400000, 0x0000000800000000)
  region size 4096K, 3 young (12288K), 1 survivors (4096K)
 Metaspace       used 34390K, committed 34880K, reserved 1114112K
  class space    used 3766K, committed 3968K, reserved 1048576K
GC Heap History (16 events):
Event: 0.815 GC heap before
{Heap before GC invocations=0 (full 0):
 garbage-first heap   total 520192K, used 24576K [0x0000000605400000, 0x0000000800000000)
  region size 4096K, 6 young (24576K), 0 survivors (0K)
 Metaspace       used 6054K, committed 6208K, reserved 1114112K
  class space    used 668K, committed 768K, reserved 1048576K
}
Event: 0.819 GC heap after
{Heap after GC invocations=1 (full 0):
 garbage-first heap   total 520192K, used 3926K [0x0000000605400000, 0x0000000800000000)
  region size 4096K, 1 young (4096K), 1 survivors (4096K)
 Metaspace       used 6054K, committed 6208K, reserved 1114112K
  class space    used 668K, committed 768K, reserved 1048576K
}
Event: 1.267 GC heap before
{Heap before GC invocations=1 (full 0):
 garbage-first heap   total 520192K, used 28502K [0x0000000605400000, 0x0000000800000000)
  region size 4096K, 8 young (32768K), 1 survivors (4096K)
 Metaspace       used 9782K, committed 9984K, reserved 1114112K
  class space    used 1104K, committed 1216K, reserved 1048576K
}
Event: 1.270 GC heap after
{Heap after GC invocations=2 (full 0):
 garbage-first heap   total 520192K, used 5848K [0x0000000605400000, 0x0000000800000000)
  region size 4096K, 1 young (4096K), 1 survivors (4096K)
 Metaspace       used 9782K, committed 9984K, reserved 1114112K
  class space    used 1104K, committed 1216K, reserved 1048576K
}
Event: 3.949 GC heap before
{Heap before GC invocations=2 (full 0):
 garbage-first heap   total 520192K, used 157400K [0x0000000605400000, 0x0000000800000000)
  region size 4096K, 40 young (163840K), 1 survivors (4096K)
 Metaspace       used 21180K, committed 21504K, reserved 1114112K
  class space    used 2272K, committed 2432K, reserved 1048576K
}
Event: 3.958 GC heap after
{Heap after GC invocations=3 (full 0):
 garbage-first heap   total 520192K, used 23501K [0x0000000605400000, 0x0000000800000000)
  region size 4096K, 5 young (20480K), 5 survivors (20480K)
 Metaspace       used 21180K, committed 21504K, reserved 1114112K
  class space    used 2272K, committed 2432K, reserved 1048576K
}
Event: 5.116 GC heap before
{Heap before GC invocations=4 (full 0):
 garbage-first heap   total 98304K, used 97229K [0x0000000605400000, 0x0000000800000000)
  region size 4096K, 23 young (94208K), 5 survivors (20480K)
 Metaspace       used 29249K, committed 29632K, reserved 1114112K
  class space    used 3203K, committed 3392K, reserved 1048576K
}
Event: 5.123 GC heap after
{Heap after GC invocations=5 (full 0):
 garbage-first heap   total 122880K, used 25999K [0x0000000605400000, 0x0000000800000000)
  region size 4096K, 2 young (8192K), 2 survivors (8192K)
 Metaspace       used 29249K, committed 29632K, reserved 1114112K
  class space    used 3203K, committed 3392K, reserved 1048576K
}
Event: 5.766 GC heap before
{Heap before GC invocations=5 (full 0):
 garbage-first heap   total 122880K, used 79247K [0x0000000605400000, 0x0000000800000000)
  region size 4096K, 16 young (65536K), 2 survivors (8192K)
 Metaspace       used 29341K, committed 29760K, reserved 1114112K
  class space    used 3204K, committed 3392K, reserved 1048576K
}
Event: 5.773 GC heap after
{Heap after GC invocations=6 (full 0):
 garbage-first heap   total 122880K, used 44978K [0x0000000605400000, 0x0000000800000000)
  region size 4096K, 2 young (8192K), 2 survivors (8192K)
 Metaspace       used 29341K, committed 29760K, reserved 1114112K
  class space    used 3204K, committed 3392K, reserved 1048576K
}
Event: 6.097 GC heap before
{Heap before GC invocations=6 (full 0):
 garbage-first heap   total 122880K, used 77746K [0x0000000605400000, 0x0000000800000000)
  region size 4096K, 10 young (40960K), 2 survivors (8192K)
 Metaspace       used 29981K, committed 30400K, reserved 1114112K
  class space    used 3278K, committed 3456K, reserved 1048576K
}
Event: 6.102 GC heap after
{Heap after GC invocations=7 (full 0):
 garbage-first heap   total 122880K, used 54054K [0x0000000605400000, 0x0000000800000000)
  region size 4096K, 2 young (8192K), 2 survivors (8192K)
 Metaspace       used 29981K, committed 30400K, reserved 1114112K
  class space    used 3278K, committed 3456K, reserved 1048576K
}
Event: 6.474 GC heap before
{Heap before GC invocations=7 (full 0):
 garbage-first heap   total 122880K, used 78630K [0x0000000605400000, 0x0000000800000000)
  region size 4096K, 9 young (36864K), 2 survivors (8192K)
 Metaspace       used 31621K, committed 32000K, reserved 1114112K
  class space    used 3477K, committed 3648K, reserved 1048576K
}
Event: 6.478 GC heap after
{Heap after GC invocations=8 (full 0):
 garbage-first heap   total 122880K, used 53703K [0x0000000605400000, 0x0000000800000000)
  region size 4096K, 1 young (4096K), 1 survivors (4096K)
 Metaspace       used 31621K, committed 32000K, reserved 1114112K
  class space    used 3477K, committed 3648K, reserved 1048576K
}
Event: 6.818 GC heap before
{Heap before GC invocations=8 (full 0):
 garbage-first heap   total 122880K, used 82375K [0x0000000605400000, 0x0000000800000000)
  region size 4096K, 8 young (32768K), 1 survivors (4096K)
 Metaspace       used 33303K, committed 33728K, reserved 1114112K
  class space    used 3630K, committed 3840K, reserved 1048576K
}
Event: 6.823 GC heap after
{Heap after GC invocations=9 (full 0):
 garbage-first heap   total 122880K, used 54860K [0x0000000605400000, 0x0000000800000000)
  region size 4096K, 1 young (4096K), 1 survivors (4096K)
 Metaspace       used 33303K, committed 33728K, reserved 1114112K
  class space    used 3630K, committed 3840K, reserved 1048576K
}

